<?xml version="1.0" encoding="UTF-8"?>
<!-- Generated by org.testng.reporters.JUnitReportReporter -->
<testsuite hostname="Satya" failures="0" tests="1" name="testCases.RegisterTS_001" time="17.119" errors="0" timestamp="2023-05-12T13:59:26 IST" skipped="0">
  <testcase classname="testCases.RegisterTS_001" name="register" time="17.119"/>
  <system-out/>
</testsuite> <!-- testCases.RegisterTS_001 -->
